<?xml version="1.0" encoding="UTF-8"?>
<testsuites name="verify user can login with correct email wrong password" time="25.812" tests="1" failures="0" errors="0">
   <testsuite name="verify user can login with correct email wrong password" tests="1" failures="0" errors="0" time="25.812" timestamp="2019-12-23 16:20:54" hostname="Copia George - DESKTOP-UJOHP7E" id="Test Suites/Login Test Suite/verify user can login with correct email wrong password">
      <properties>
         <property name="deviceName" value=""/>
         <property name="devicePlatform" value=""/>
         <property name="logFolder" value="C:\\Users\\Copia George\\Katalon Studio\\Copia ERP Login Test Cases\\Reports\\20191223_161803\\Login Test Suite\\verify user can login with correct email wrong password\\20191223_161808"/>
         <property name="logFiles" value="C:\\Users\\Copia George\\Katalon Studio\\Copia ERP Login Test Cases\\Reports\\20191223_161803\\Login Test Suite\\verify user can login with correct email wrong password\\20191223_161808\\execution0.log"/>
         <property name="attachments" value=""/>
         <property name="hostName" value="Copia George - DESKTOP-UJOHP7E"/>
         <property name="os" value="Windows 10 64bit"/>
         <property name="katalonVersion" value="7.2.1.1"/>
         <property name="browser" value="Chrome 79.0.3945.88"/>
         <property name="hostAddress" value="192.168.5.54"/>
         <property name="sessionId" value="97f1ba34ab1ae54eb751c4a812303721"/>
         <property name="seleniumVersion" value="3.141.59"/>
         <property name="proxyInformation" value="ProxyInformation{proxyOption=NO_PROXY, proxyServerType=HTTP, password=, proxyServerAddress=, proxyServerPort=0, executionList=}"/>
         <property name="platform" value="Windows 10"/>
      </properties>
      <testcase name="Test Cases/Login Test Cases/Verify user can Login using correct email wrong password" time="24.262" classname="Test Cases/Login Test Cases/Verify user can Login using correct email wrong password" status="PASSED">
         <system-out><![CDATA[2019-12-23 16:20:55 - [TEST_CASE][PASSED] - Test Cases/Login Test Cases/Verify user can Login using correct email wrong password: Test Cases/Login Test Cases/Verify user can Login using correct email wrong password

2019-12-23 16:20:55 - [TEST_STEP][PASSED] - Start listener action : executeRows: null

2019-12-23 16:20:56 - [TEST_STEP][PASSED] - openBrowser(uaturl): Browser is opened with url: 'https://uat.copiakenya.com/web/login'

2019-12-23 16:20:56 - [MESSAGE][INFO] - Starting 'Chrome' driver

2019-12-23 16:20:56 - [MESSAGE][INFO] - Action delay is set to 0 seconds

2019-12-23 16:21:03 - [MESSAGE][PASSED] - Browser is opened with url: 'https://uat.copiakenya.com/web/login'

2019-12-23 16:21:03 - [TEST_STEP][PASSED] - delay(2): Delayed 2 second(s)

2019-12-23 16:21:05 - [MESSAGE][PASSED] - Delayed 2 second(s)

2019-12-23 16:21:05 - [TEST_STEP][PASSED] - maximizeWindow(): Current window maximized

2019-12-23 16:21:09 - [MESSAGE][PASSED] - Current window maximized

2019-12-23 16:21:09 - [TEST_STEP][PASSED] - setText(findTestObject("Login Objects/Email Input Field"), email): Text 'admin' is set on object 'Object Repository/Login Objects/Email Input Field'

2019-12-23 16:21:10 - [MESSAGE][PASSED] - Text 'admin' is set on object 'Object Repository/Login Objects/Email Input Field'

2019-12-23 16:21:10 - [TEST_STEP][PASSED] - setText(findTestObject("Login Objects/Password Input Field"), password): Text '123456' is set on object 'Object Repository/Login Objects/Password Input Field'

2019-12-23 16:21:10 - [MESSAGE][PASSED] - Text '123456' is set on object 'Object Repository/Login Objects/Password Input Field'

2019-12-23 16:21:10 - [TEST_STEP][PASSED] - click(findTestObject("Login Objects/Button Login")): Object: 'Object Repository/Login Objects/Button Login' is clicked on

2019-12-23 16:21:19 - [MESSAGE][PASSED] - Object: 'Object Repository/Login Objects/Button Login' is clicked on

2019-12-23 16:21:19 - [TEST_STEP][PASSED] - title = verifyElementText(findTestObject("Login Objects/Alert error message for wrong credentials"), "Wrong login/password"): Actual text and expected text of test object 'Object Repository/Login Objects/Alert error message for wrong credentials' are matched.

2019-12-23 16:21:19 - [MESSAGE][PASSED] - Actual text and expected text of test object 'Object Repository/Login Objects/Alert error message for wrong credentials' are matched.

2019-12-23 16:21:19 - [TEST_STEP][PASSED] - Start listener action : addFailedTCToList: null]]></system-out>
         <system-err><![CDATA[]]></system-err>
      </testcase>
      <system-out><![CDATA[2019-12-23 16:20:54 - [TEST_SUITE][PASSED] - verify user can login with correct email wrong password: Test Cases/Login Test Cases/Verify user can Login using correct email wrong password]]></system-out>
      <system-err><![CDATA[]]></system-err>
   </testsuite>
</testsuites>
