<?xml version="1.0" encoding="UTF-8"?>
<testsuites name="validate login with correct email and password" time="24.894" tests="1" failures="0" errors="0">
   <testsuite name="validate login with correct email and password" tests="1" failures="0" errors="0" time="24.894" timestamp="2019-10-28 16:05:44" hostname="Copia George - DESKTOP-UJOHP7E" id="Test Suites/Login Test Suite/validate login with correct email and password">
      <properties>
         <property name="deviceName" value=""/>
         <property name="devicePlatform" value=""/>
         <property name="logFolder" value="C:\\Users\\Copia George\\Katalon Studio\\Copia ERP Login Test Cases\\Reports\\20191028_160531\\Login Test Suite\\validate login with correct email and password\\20191028_160532"/>
         <property name="logFiles" value="C:\\Users\\Copia George\\Katalon Studio\\Copia ERP Login Test Cases\\Reports\\20191028_160531\\Login Test Suite\\validate login with correct email and password\\20191028_160532\\execution0.log"/>
         <property name="attachments" value=""/>
         <property name="hostName" value="Copia George - DESKTOP-UJOHP7E"/>
         <property name="os" value="Windows 10 64bit"/>
         <property name="katalonVersion" value="7.0.4.1"/>
         <property name="browser" value="Chrome 77.0.3865.120"/>
         <property name="hostAddress" value="192.168.5.178"/>
         <property name="sessionId" value="8c5567c49f98e8c613f85c156a3661b9"/>
         <property name="seleniumVersion" value="3.141.59"/>
         <property name="proxyInformation" value="ProxyInformation{proxyOption=NO_PROXY, proxyServerType=HTTP, password=, proxyServerAddress=, proxyServerPort=0}"/>
         <property name="platform" value="Windows 10"/>
      </properties>
      <testcase name="Test Cases/Login Test Cases/Validate user can Successfully Login" time="22.305" classname="Test Cases/Login Test Cases/Validate user can Successfully Login" status="PASSED">
         <system-out><![CDATA[2019-10-28 16:05:44 - [TEST_CASE][PASSED] - Test Cases/Login Test Cases/Validate user can Successfully Login: Test Cases/Login Test Cases/Validate user can Successfully Login

2019-10-28 16:05:45 - [TEST_STEP][PASSED] - openBrowser(loginurl): Browser is opened with url: 'http://qa.copiakenya.com/web/login'

2019-10-28 16:05:45 - [MESSAGE][INFO] - Starting 'Chrome' driver

2019-10-28 16:05:45 - [MESSAGE][INFO] - Action delay is set to 0 seconds

2019-10-28 16:05:55 - [MESSAGE][PASSED] - Browser is opened with url: 'http://qa.copiakenya.com/web/login'

2019-10-28 16:05:55 - [TEST_STEP][PASSED] - delay(5): Delayed 5 second(s)

2019-10-28 16:06:00 - [MESSAGE][PASSED] - Delayed 5 second(s)

2019-10-28 16:06:00 - [TEST_STEP][PASSED] - maximizeWindow(): Current window maximized

2019-10-28 16:06:04 - [MESSAGE][PASSED] - Current window maximized

2019-10-28 16:06:04 - [TEST_STEP][PASSED] - setText(findTestObject("Login Objects/Email Input Field"), email): Text 'admin' is set on object 'Object Repository/Login Objects/Email Input Field'

2019-10-28 16:06:05 - [MESSAGE][PASSED] - Text 'admin' is set on object 'Object Repository/Login Objects/Email Input Field'

2019-10-28 16:06:05 - [TEST_STEP][PASSED] - setText(findTestObject("Login Objects/Password Input Field"), password): Text 'SuP3r@dm!N' is set on object 'Object Repository/Login Objects/Password Input Field'

2019-10-28 16:06:05 - [MESSAGE][PASSED] - Text 'SuP3r@dm!N' is set on object 'Object Repository/Login Objects/Password Input Field'

2019-10-28 16:06:05 - [TEST_STEP][PASSED] - click(findTestObject("Login Objects/Button Login")): Object: 'Object Repository/Login Objects/Button Login' is clicked on

2019-10-28 16:06:07 - [MESSAGE][PASSED] - Object: 'Object Repository/Login Objects/Button Login' is clicked on

2019-10-28 16:06:07 - [TEST_STEP][PASSED] - title = getWindowTitle(): Current window's title is: 'Odoo'

2019-10-28 16:06:07 - [MESSAGE][PASSED] - Current window's title is: 'Odoo'

2019-10-28 16:06:07 - [TEST_STEP][PASSED] - verifyMatch(title, "Odoo", false): Actual text 'Odoo' and expected text 'Odoo' are matched 

2019-10-28 16:06:07 - [MESSAGE][PASSED] - Actual text 'Odoo' and expected text 'Odoo' are matched]]></system-out>
         <system-err><![CDATA[]]></system-err>
      </testcase>
      <system-out><![CDATA[2019-10-28 16:05:44 - [TEST_SUITE][PASSED] - validate login with correct email and password: Test Cases/Login Test Cases/Validate user can Successfully Login]]></system-out>
      <system-err><![CDATA[]]></system-err>
   </testsuite>
</testsuites>
