<?xml version="1.0" encoding="UTF-8"?>
<testsuites name="verify user can login with correct email wrong password" time="18.858" tests="1" failures="0" errors="0">
   <testsuite name="verify user can login with correct email wrong password" tests="1" failures="0" errors="0" time="18.858" timestamp="2019-12-02 12:27:38" hostname="Copia George - DESKTOP-UJOHP7E" id="Test Suites/Login Test Suite/verify user can login with correct email wrong password">
      <properties>
         <property name="deviceName" value=""/>
         <property name="devicePlatform" value=""/>
         <property name="logFolder" value="C:\\Users\\Copia George\\Katalon Studio\\Copia ERP Login Test Cases\\Reports\\20191202_122612\\Login Test Suite\\verify user can login with correct email wrong password\\20191202_122617"/>
         <property name="logFiles" value="C:\\Users\\Copia George\\Katalon Studio\\Copia ERP Login Test Cases\\Reports\\20191202_122612\\Login Test Suite\\verify user can login with correct email wrong password\\20191202_122617\\execution0.log"/>
         <property name="attachments" value=""/>
         <property name="hostName" value="Copia George - DESKTOP-UJOHP7E"/>
         <property name="os" value="Windows 10 64bit"/>
         <property name="katalonVersion" value="7.0.10.1"/>
         <property name="browser" value="Chrome 78.0.3904.108"/>
         <property name="hostAddress" value="192.168.5.115"/>
         <property name="sessionId" value="26a179e198bc7dfe33d0a8ddf5dade90"/>
         <property name="seleniumVersion" value="3.141.59"/>
         <property name="proxyInformation" value="ProxyInformation{proxyOption=NO_PROXY, proxyServerType=HTTP, password=, proxyServerAddress=, proxyServerPort=0}"/>
         <property name="platform" value="Windows 10"/>
      </properties>
      <testcase name="Test Cases/Login Test Cases/Verify user can Login using correct email wrong password" time="16.956" classname="Test Cases/Login Test Cases/Verify user can Login using correct email wrong password" status="PASSED">
         <system-out><![CDATA[2019-12-02 12:27:39 - [TEST_CASE][PASSED] - Test Cases/Login Test Cases/Verify user can Login using correct email wrong password: Test Cases/Login Test Cases/Verify user can Login using correct email wrong password

2019-12-02 12:27:39 - [TEST_STEP][PASSED] - openBrowser(loginurl): Browser is opened with url: 'http://qa.copiakenya.com/web/login'

2019-12-02 12:27:40 - [MESSAGE][INFO] - Starting 'Chrome' driver

2019-12-02 12:27:40 - [MESSAGE][INFO] - Action delay is set to 0 seconds

2019-12-02 12:27:47 - [MESSAGE][PASSED] - Browser is opened with url: 'http://qa.copiakenya.com/web/login'

2019-12-02 12:27:47 - [TEST_STEP][PASSED] - delay(2): Delayed 2 second(s)

2019-12-02 12:27:49 - [MESSAGE][PASSED] - Delayed 2 second(s)

2019-12-02 12:27:49 - [TEST_STEP][PASSED] - maximizeWindow(): Current window maximized

2019-12-02 12:27:53 - [MESSAGE][PASSED] - Current window maximized

2019-12-02 12:27:53 - [TEST_STEP][PASSED] - setText(findTestObject("Login Objects/Email Input Field"), email): Text 'admin' is set on object 'Object Repository/Login Objects/Email Input Field'

2019-12-02 12:27:54 - [MESSAGE][PASSED] - Text 'admin' is set on object 'Object Repository/Login Objects/Email Input Field'

2019-12-02 12:27:54 - [TEST_STEP][PASSED] - setText(findTestObject("Login Objects/Password Input Field"), password): Text '123456' is set on object 'Object Repository/Login Objects/Password Input Field'

2019-12-02 12:27:54 - [MESSAGE][PASSED] - Text '123456' is set on object 'Object Repository/Login Objects/Password Input Field'

2019-12-02 12:27:54 - [TEST_STEP][PASSED] - click(findTestObject("Login Objects/Button Login")): Object: 'Object Repository/Login Objects/Button Login' is clicked on

2019-12-02 12:27:55 - [MESSAGE][PASSED] - Object: 'Object Repository/Login Objects/Button Login' is clicked on

2019-12-02 12:27:55 - [TEST_STEP][PASSED] - title = verifyElementText(findTestObject("Login Objects/Alert error message for wrong credentials"), "Wrong login/password"): Actual text and expected text of test object 'Object Repository/Login Objects/Alert error message for wrong credentials' are matched.

2019-12-02 12:27:56 - [MESSAGE][PASSED] - Actual text and expected text of test object 'Object Repository/Login Objects/Alert error message for wrong credentials' are matched.]]></system-out>
         <system-err><![CDATA[]]></system-err>
      </testcase>
      <system-out><![CDATA[2019-12-02 12:27:38 - [TEST_SUITE][PASSED] - verify user can login with correct email wrong password: Test Cases/Login Test Cases/Verify user can Login using correct email wrong password]]></system-out>
      <system-err><![CDATA[]]></system-err>
   </testsuite>
</testsuites>
