<?xml version="1.0" encoding="UTF-8" standalone="yes"?>
<testsuites name="verify user can login with blank email and password inputs" time="15" tests="1" failures="0" errors="0">
    <testsuite name="verify user can login with blank email and password inputs" tests="1" failures="0" errors="0" time="15" timestamp="2019-10-16 16:22:32" hostname="Copia George - DESKTOP-UJOHP7E" id="Test Suites/Login Test Suite/verify user can login with blank email and password inputs">
        <properties>
            <property name="deviceName" value=""/>
            <property name="devicePlatform" value=""/>
            <property name="logFolder" value="C:\\Users\\Copia George\\Katalon Studio\\Copia ERP Login Test Cases\\Reports\\20191016_162141\\Login Test Suite\\verify user can login with blank email and password inputs\\20191016_162143"/>
            <property name="logFiles" value="C:\\Users\\Copia George\\Katalon Studio\\Copia ERP Login Test Cases\\Reports\\20191016_162141\\Login Test Suite\\verify user can login with blank email and password inputs\\20191016_162143\\execution0.log"/>
            <property name="attachments" value=""/>
            <property name="hostName" value="Copia George - DESKTOP-UJOHP7E"/>
            <property name="os" value="Windows 10 64bit"/>
            <property name="katalonVersion" value="6.3.3.11"/>
            <property name="browser" value="Chrome 77.0.3865.120"/>
            <property name="hostAddress" value="192.168.5.178"/>
            <property name="sessionId" value="1636b67f5bbb69658cbf7e920af87948"/>
            <property name="seleniumVersion" value="3.141.59"/>
            <property name="proxyInformation" value="ProxyInformation{proxyOption=NO_PROXY, proxyServerType=HTTP, password=, proxyServerAddress=, proxyServerPort=0}"/>
            <property name="platform" value="Windows 10"/>
        </properties>
        <testcase name="Test Cases/Login Test Cases/Verify user can Login with blank Email and password inputs" classname="Test Cases/Login Test Cases/Verify user can Login with blank Email and password inputs" status="PASSED">
            <system-out>2019-10-16 16:22:32 - [TEST_CASE][PASSED] - Test Cases/Login Test Cases/Verify user can Login with blank Email and password inputs: Test Cases/Login Test Cases/Verify user can Login with blank Email and password inputs&#xD;
&#xD;
2019-10-16 16:22:32 - [TEST_STEP][PASSED] - openBrowser(loginurl): Browser is opened with url: 'http://qa.copiakenya.com/web/login'&#xD;
&#xD;
2019-10-16 16:22:33 - [MESSAGE][INFO] - Starting 'Chrome' driver&#xD;
&#xD;
2019-10-16 16:22:33 - [MESSAGE][INFO] - Action delay is set to 0 seconds&#xD;
&#xD;
2019-10-16 16:22:40 - [MESSAGE][PASSED] - Browser is opened with url: 'http://qa.copiakenya.com/web/login'&#xD;
&#xD;
2019-10-16 16:22:40 - [TEST_STEP][PASSED] - delay(2): Delayed 2 second(s)&#xD;
&#xD;
2019-10-16 16:22:42 - [MESSAGE][PASSED] - Delayed 2 second(s)&#xD;
&#xD;
2019-10-16 16:22:42 - [TEST_STEP][PASSED] - maximizeWindow(): Current window maximized&#xD;
&#xD;
2019-10-16 16:22:46 - [MESSAGE][PASSED] - Current window maximized&#xD;
&#xD;
2019-10-16 16:22:46 - [TEST_STEP][PASSED] - setText(findTestObject("Login Objects/Email Input Field"), email): Text '' is set on object 'Object Repository/Login Objects/Email Input Field'&#xD;
&#xD;
2019-10-16 16:22:46 - [MESSAGE][PASSED] - Text '' is set on object 'Object Repository/Login Objects/Email Input Field'&#xD;
&#xD;
2019-10-16 16:22:46 - [TEST_STEP][PASSED] - setText(findTestObject("Login Objects/Password Input Field"), password): Text '' is set on object 'Object Repository/Login Objects/Password Input Field'&#xD;
&#xD;
2019-10-16 16:22:47 - [MESSAGE][PASSED] - Text '' is set on object 'Object Repository/Login Objects/Password Input Field'&#xD;
&#xD;
2019-10-16 16:22:47 - [TEST_STEP][PASSED] - click(findTestObject("Login Objects/Button Login")): Object: 'Object Repository/Login Objects/Button Login' is clicked on&#xD;
&#xD;
2019-10-16 16:22:47 - [MESSAGE][PASSED] - Object: 'Object Repository/Login Objects/Button Login' is clicked on&#xD;
&#xD;
2019-10-16 16:22:47 - [TEST_STEP][PASSED] - verifyElementPresent(findTestObject("Login Objects/Button Login"), 0): Object 'Object Repository/Login Objects/Button Login' is present&#xD;
&#xD;
2019-10-16 16:22:47 - [MESSAGE][WARNING] - Timeout '0' is invalid. Using default page load timeout: '30'&#xD;
&#xD;
2019-10-16 16:22:47 - [MESSAGE][PASSED] - Object 'Object Repository/Login Objects/Button Login' is present</system-out>
            <system-err></system-err>
        </testcase>
        <system-out>2019-10-16 16:22:32 - [TEST_SUITE][INCOMPLETE] - verify user can login with blank email and password inputs: null</system-out>
        <system-err>2019-10-16 16:22:32 - [TEST_SUITE][INCOMPLETE] - verify user can login with blank email and password inputs: null</system-err>
    </testsuite>
</testsuites>
